<?xml version="1.0" encoding="UTF-8"?>
<testsuite xmlns:xsi="http://www.w3.org/2001/XMLSchema-instance" xsi:noNamespaceSchemaLocation="https://maven.apache.org/surefire/maven-surefire-plugin/xsd/surefire-test-report.xsd" name="ui.TechnicalTaskTest" time="8.92" tests="2" errors="0" skipped="1" failures="1">
  <properties>
[...]
</properties>
  <testcase name="setUp" classname="ui.TechnicalTaskTest" time="8.745">
    <failure message="session not created: This version of ChromeDriver only supports Chrome version 104&#10;Current browser version is 103.0.5060.114 with binary path /Applications/Google Chrome.app/Contents/MacOS/Google Chrome&#10;Build info: version: &apos;3.141.59&apos;, revision: &apos;e82be7d358&apos;, time: &apos;2018-11-14T08:17:03&apos;&#10;System info: host: &apos;iMac-Vladislav.local&apos;, ip: &apos;192.168.0.12&apos;, os.name: &apos;Mac OS X&apos;, os.arch: &apos;x86_64&apos;, os.version: &apos;10.15.7&apos;, java.version: &apos;18&apos;&#10;Driver info: driver.version: ChromeDriver&#10;remote stacktrace: 0   chromedriver                        0x00000001045e7129 chromedriver + 4440361&#10;1   chromedriver                        0x0000000104571a43 chromedriver + 3959363&#10;2   chromedriver                        0x000000010420edc8 chromedriver + 409032&#10;3   chromedriver                        0x0000000104236463 chromedriver + 570467&#10;4   chromedriver                        0x0000000104231dee chromedriver + 552430&#10;5   chromedriver                        0x000000010422e037 chromedriver + 536631&#10;6   chromedriver                        0x000000010426878a chromedriver + 776074&#10;7   chromedriver                        0x0000000104262963 chromedriver + 751971&#10;8   chromedriver                        0x00000001042386d5 chromedriver + 579285&#10;9   chromedriver                        0x0000000104239725 chromedriver + 583461&#10;10  chromedriver                        0x00000001045b838d chromedriver + 4248461&#10;11  chromedriver                        0x00000001045bc7d8 chromedriver + 4265944&#10;12  chromedriver                        0x00000001045c1a1f chromedriver + 4287007&#10;13  chromedriver                        0x00000001045bd557 chromedriver + 4269399&#10;14  chromedriver                        0x0000000104596b4f chromedriver + 4111183&#10;15  chromedriver                        0x00000001045d7dd8 chromedriver + 4378072&#10;16  chromedriver                        0x00000001045d7f5f chromedriver + 4378463&#10;17  chromedriver                        0x00000001045ee3b5 chromedriver + 4469685&#10;18  libsystem_pthread.dylib             0x00007fff70116109 _pthread_start + 148&#10;19  libsystem_pthread.dylib             0x00007fff70111b8b thread_start + 15&#10;" type="org.openqa.selenium.SessionNotCreatedException">org.openqa.selenium.SessionNotCreatedException: 
session not created: This version of ChromeDriver only supports Chrome version 104
Current browser version is 103.0.5060.114 with binary path /Applications/Google Chrome.app/Contents/MacOS/Google Chrome
Build info: version: '3.141.59', revision: 'e82be7d358', time: '2018-11-14T08:17:03'
System info: host: 'iMac-Vladislav.local', ip: '192.168.0.12', os.name: 'Mac OS X', os.arch: 'x86_64', os.version: '10.15.7', java.version: '18'
Driver info: driver.version: ChromeDriver
remote stacktrace: 0   chromedriver                        0x00000001045e7129 chromedriver + 4440361
1   chromedriver                        0x0000000104571a43 chromedriver + 3959363
2   chromedriver                        0x000000010420edc8 chromedriver + 409032
3   chromedriver                        0x0000000104236463 chromedriver + 570467
4   chromedriver                        0x0000000104231dee chromedriver + 552430
5   chromedriver                        0x000000010422e037 chromedriver + 536631
6   chromedriver                        0x000000010426878a chromedriver + 776074
7   chromedriver                        0x0000000104262963 chromedriver + 751971
8   chromedriver                        0x00000001042386d5 chromedriver + 579285
9   chromedriver                        0x0000000104239725 chromedriver + 583461
10  chromedriver                        0x00000001045b838d chromedriver + 4248461
11  chromedriver                        0x00000001045bc7d8 chromedriver + 4265944
12  chromedriver                        0x00000001045c1a1f chromedriver + 4287007
13  chromedriver                        0x00000001045bd557 chromedriver + 4269399
14  chromedriver                        0x0000000104596b4f chromedriver + 4111183
15  chromedriver                        0x00000001045d7dd8 chromedriver + 4378072
16  chromedriver                        0x00000001045d7f5f chromedriver + 4378463
17  chromedriver                        0x00000001045ee3b5 chromedriver + 4469685
18  libsystem_pthread.dylib             0x00007fff70116109 _pthread_start + 148
19  libsystem_pthread.dylib             0x00007fff70111b8b thread_start + 15

	at ui.TechnicalTaskTest.setUp(TechnicalTaskTest.java:19)
</failure>
    <system-err><![CDATA[Starting ChromeDriver 104.0.5112.29 (eff877e18f767c77fef0481a1cba402c8cbad404-refs/branch-heads/5112@{#422}) on port 13406
Only local connections are allowed.
Please see https://chromedriver.chromium.org/security-considerations for suggestions on keeping ChromeDriver safe.
ChromeDriver was started successfully.
]]></system-err>
  </testcase>
  <testcase name="testSearch" classname="ui.TechnicalTaskTest" time="0">
    <skipped message="session not created: This version of ChromeDriver only supports Chrome version 104&#10;Current browser version is 103.0.5060.114 with binary path /Applications/Google Chrome.app/Contents/MacOS/Google Chrome&#10;Build info: version: &apos;3.141.59&apos;, revision: &apos;e82be7d358&apos;, time: &apos;2018-11-14T08:17:03&apos;&#10;System info: host: &apos;iMac-Vladislav.local&apos;, ip: &apos;192.168.0.12&apos;, os.name: &apos;Mac OS X&apos;, os.arch: &apos;x86_64&apos;, os.version: &apos;10.15.7&apos;, java.version: &apos;18&apos;&#10;Driver info: driver.version: ChromeDriver&#10;remote stacktrace: 0   chromedriver                        0x00000001045e7129 chromedriver + 4440361&#10;1   chromedriver                        0x0000000104571a43 chromedriver + 3959363&#10;2   chromedriver                        0x000000010420edc8 chromedriver + 409032&#10;3   chromedriver                        0x0000000104236463 chromedriver + 570467&#10;4   chromedriver                        0x0000000104231dee chromedriver + 552430&#10;5   chromedriver                        0x000000010422e037 chromedriver + 536631&#10;6   chromedriver                        0x000000010426878a chromedriver + 776074&#10;7   chromedriver                        0x0000000104262963 chromedriver + 751971&#10;8   chromedriver                        0x00000001042386d5 chromedriver + 579285&#10;9   chromedriver                        0x0000000104239725 chromedriver + 583461&#10;10  chromedriver                        0x00000001045b838d chromedriver + 4248461&#10;11  chromedriver                        0x00000001045bc7d8 chromedriver + 4265944&#10;12  chromedriver                        0x00000001045c1a1f chromedriver + 4287007&#10;13  chromedriver                        0x00000001045bd557 chromedriver + 4269399&#10;14  chromedriver                        0x0000000104596b4f chromedriver + 4111183&#10;15  chromedriver                        0x00000001045d7dd8 chromedriver + 4378072&#10;16  chromedriver                        0x00000001045d7f5f chromedriver + 4378463&#10;17  chromedriver                        0x00000001045ee3b5 chromedriver + 4469685&#10;18  libsystem_pthread.dylib             0x00007fff70116109 _pthread_start + 148&#10;19  libsystem_pthread.dylib             0x00007fff70111b8b thread_start + 15&#10;"/>
  </testcase>
</testsuite>