<?xml version="1.0" encoding="UTF-8"?>
<testng-results ignored="0" total="1" passed="1" failed="0" skipped="0">
  <reporter-output>
  </reporter-output>
  <suite started-at="2022-07-10T10:05:34 MSK" name="Surefire suite" finished-at="2022-07-10T10:05:34 MSK" duration-ms="66">
    <groups>
    </groups>
    <test started-at="2022-07-10T10:05:34 MSK" name="Surefire test" finished-at="2022-07-10T10:05:34 MSK" duration-ms="66">
      <class name="ui.TechnicalTaskTest">
        <test-method is-config="true" signature="setUp()[pri:0, instance:ui.TechnicalTaskTest@36a5cabc]" started-at="2022-07-10T10:05:34 MSK" name="setUp" finished-at="2022-07-10T10:05:34 MSK" duration-ms="14" status="PASS">
          <reporter-output>
          </reporter-output>
        </test-method> <!-- setUp -->
        <test-method signature="testSearch()[pri:0, instance:ui.TechnicalTaskTest@36a5cabc]" started-at="2022-07-10T10:05:34 MSK" name="testSearch" finished-at="2022-07-10T10:05:34 MSK" duration-ms="6" status="PASS">
          <reporter-output>
          </reporter-output>
        </test-method> <!-- testSearch -->
        <test-method is-config="true" signature="tearDown()[pri:0, instance:ui.TechnicalTaskTest@36a5cabc]" started-at="2022-07-10T10:05:34 MSK" name="tearDown" finished-at="2022-07-10T10:05:34 MSK" duration-ms="3" status="PASS">
          <reporter-output>
          </reporter-output>
        </test-method> <!-- tearDown -->
      </class> <!-- ui.TechnicalTaskTest -->
    </test> <!-- Surefire test -->
  </suite> <!-- Surefire suite -->
</testng-results>
